[Time=682583] (../qe_gen/qe_touch_sample.c:90, qe_touch_main) [Slider] Pos=1 Temp=16.0 ms=682583

[Time=682603] (../qe_gen/qe_touch_sample.c:90, qe_touch_main) [Slider] Pos=1 Temp=16.0 ms=682603

[Time=682623] (../qe_gen/qe_touch_sample.c:90, qe_touch_main) [Slider] Pos=1 Temp=16.0 ms=682623

[Time=682643] (../qe_gen/qe_touch_sample.c:90, qe_touch_main) [Slider] Pos=1 Temp=16.0 ms=682643

[Time=682663] (../qe_gen/qe_touch_sample.c:90, qe_touch_main) [Slider] Pos=1 Temp=16.0 ms=682663

[Time=682683] (../qe_gen/qe_touch_sample.c:90, qe_touch_main) [Slider] Pos=1 Temp=16.0 ms=682683

[Time=682703] (../qe_gen/qe_touch_sample.c:90, qe_touch_main) [Slider] Pos=1 Temp=16.0 ms=682703

[Time=682723] (../qe_gen/qe_touch_sample.c:90, qe_touch_main) [Slider] Pos=1 Temp=16.0 ms=682723

[Time=682743] (../qe_gen/qe_touch_sample.c:90, qe_touch_main) [Slider] Pos=1 Temp=16.0 ms=682743

[Time=682763] (../qe_gen/qe_touch_sample.c:90, qe_touch_main) [Slider] Pos=1 Temp=16.0 ms=682763

[Time=682783] (../qe_gen/qe_touch_sample.c:90, qe_touch_main) [Slider] Pos=1 Temp=16.0 ms=682783

[Time=682803] (../qe_gen/qe_touch_sample.c:90, qe_touch_main) [Slider] Pos=1 Temp=16.0 ms=682803

[Time=682823] (../qe_gen/qe_touch_sample.c:90, qe_touch_main) [Slider] Pos=1 Temp=16.0 ms=682823

[Time=682843] (../qe_gen/qe_touch_sample.c:90, qe_touch_main) [Slider] Pos=1 Temp=16.0 ms=682843

[Time=682863] (../qe_gen/qe_touch_sample.c:90, qe_touch_main) [Slider] Pos=1 Temp=16.0 ms=682863

[Time=682883] (../qe_gen/qe_touch_sample.c:90, qe_touch_main) [Slider] Pos=1 Temp=16.0 ms=682883

[Time=682903] (../qe_gen/qe_touch_sample.c:90, qe_touch_main) [Slider] Pos=1 Temp=16.0 ms=682903

[Time=682923] (../qe_gen/qe_touch_sample.c:90, qe_touch_main) [Slider] Pos=1 Temp=16.0 ms=682923

[Time=682943] (../qe_gen/qe_touch_sample.c:90, qe_touch_main) [Slider] Pos=1 Temp=16.0 ms=682943

[Time=682963] (../qe_gen/qe_touch_sample.c:90, qe_touch_main) [Slider] Pos=1 Temp=16.0 ms=682963

[Time=682983] (../qe_gen/qe_touch_sample.c:90, qe_touch_main) [Slider] Pos=1 Temp=16.0 ms=682983

[Time=683003] (../qe_gen/qe_touch_sample.c:90, qe_touch_main) [Slider] Pos=1 Temp=16.0 ms=683003

[Time=683023] (../qe_gen/qe_touch_sample.c:90, qe_touch_main) [Slider] Pos=1 Temp=16.0 ms=683023

[Time=683043] (../qe_gen/qe_touch_sample.c:90, qe_touch_main) [Slider] Pos=1 Temp=16.0 ms=683043

[Time=683063] (../qe_gen/qe_touch_sample.c:90, qe_touch_main) [Slider] Pos=1 Temp=16.0 ms=683063

[Time=683083] (../qe_gen/qe_touch_sample.c:90, qe_touch_main) [Slider] Pos=0 Temp=16.0 ms=683083

[Time=683084] (../qe_gen/qe_touch_sample.c:100, qe_touch_main) [Slider] Delta: Pos=-1 Step=0.0 ms=20

[Time=683103] (../qe_gen/qe_touch_sample.c:90, qe_touch_main) [Slider] Pos=0 Temp=16.0 ms=683103

[Time=683123] (../qe_gen/qe_touch_sample.c:90, qe_touch_main) [Slider] Pos=1 Temp=16.0 ms=683123

[Time=683124] (../qe_gen/qe_touch_sample.c:100, qe_touch_main) [Slider] Delta: Pos=1 Step=0.0 ms=20

[Time=683143] (../qe_gen/qe_touch_sample.c:90, qe_touch_main) [Slider] Pos=2 Temp=16.0 ms=683143

[Time=683144] (../qe_gen/qe_touch_sample.c:100, qe_touch_main) [Slider] Delta: Pos=1 Step=0.0 ms=20

[Time=683163] (../qe_gen/qe_touch_sample.c:90, qe_touch_main) [Slider] Pos=3 Temp=16.0 ms=683163

[Time=683164] (../qe_gen/qe_touch_sample.c:100, qe_touch_main) [Slider] Delta: Pos=1 Step=0.0 ms=20

[Time=683183] (../qe_gen/qe_touch_sample.c:90, qe_touch_main) [Slider] Pos=4 Temp=16.5 ms=683183

[Time=683184] (../qe_gen/qe_touch_sample.c:100, qe_touch_main) [Slider] Delta: Pos=1 Step=1.0 ms=20

[Time=683203] (../qe_gen/qe_touch_sample.c:90, qe_touch_main) [Slider] Pos=7 Temp=17.0 ms=683203

[Time=683204] (../qe_gen/qe_touch_sample.c:100, qe_touch_main) [Slider] Delta: Pos=3 Step=1.0 ms=20

[Time=683223] (../qe_gen/qe_touch_sample.c:90, qe_touch_main) [Slider] Pos=12 Temp=17.5 ms=683223

[Time=683224] (../qe_gen/qe_touch_sample.c:100, qe_touch_main) [Slider] Delta: Pos=5 Step=1.0 ms=20

[Time=683243] (../qe_gen/qe_touch_sample.c:114, qe_touch_main) [Slider] Released Pos=12 ms=683243

[Time=683243] (../qe_gen/qe_touch_sample.c:126, qe_touch_main) [Slider] NoTouch cnt=1 ms=683243

[Time=683263] (../qe_gen/qe_touch_sample.c:90, qe_touch_main) [Slider] Pos=23 Temp=19.0 ms=683263

[Time=683283] (../qe_gen/qe_touch_sample.c:90, qe_touch_main) [Slider] Pos=26 Temp=19.5 ms=683283

[Time=683285] (../qe_gen/qe_touch_sample.c:100, qe_touch_main) [Slider] Delta: Pos=3 Step=1.0 ms=20

[Time=683303] (../qe_gen/qe_touch_sample.c:90, qe_touch_main) [Slider] Pos=27 Temp=20.0 ms=683303

[Time=683304] (../qe_gen/qe_touch_sample.c:100, qe_touch_main) [Slider] Delta: Pos=1 Step=1.0 ms=20

[Time=683323] (../qe_gen/qe_touch_sample.c:90, qe_touch_main) [Slider] Pos=28 Temp=20.0 ms=683323

[Time=683324] (../qe_gen/qe_touch_sample.c:100, qe_touch_main) [Slider] Delta: Pos=1 Step=0.0 ms=20

[Time=683343] (../qe_gen/qe_touch_sample.c:90, qe_touch_main) [Slider] Pos=29 Temp=20.0 ms=683343

[Time=683344] (../qe_gen/qe_touch_sample.c:100, qe_touch_main) [Slider] Delta: Pos=1 Step=0.0 ms=20

[Time=683363] (../qe_gen/qe_touch_sample.c:90, qe_touch_main) [Slider] Pos=29 Temp=20.0 ms=683363

[Time=683383] (../qe_gen/qe_touch_sample.c:90, qe_touch_main) [Slider] Pos=30 Temp=20.5 ms=683383

[Time=683385] (../qe_gen/qe_touch_sample.c:100, qe_touch_main) [Slider] Delta: Pos=1 Step=1.0 ms=20

[Time=683403] (../qe_gen/qe_touch_sample.c:90, qe_touch_main) [Slider] Pos=30 Temp=20.5 ms=683403

[Time=683423] (../qe_gen/qe_touch_sample.c:90, qe_touch_main) [Slider] Pos=30 Temp=20.5 ms=683423

[Time=683443] (../qe_gen/qe_touch_sample.c:90, qe_touch_main) [Slider] Pos=31 Temp=20.5 ms=683443

[Time=683445] (../qe_gen/qe_touch_sample.c:100, qe_touch_main) [Slider] Delta: Pos=1 Step=0.0 ms=20

[Time=683463] (../qe_gen/qe_touch_sample.c:90, qe_touch_main) [Slider] Pos=32 Temp=20.5 ms=683463

[Time=683464] (../qe_gen/qe_touch_sample.c:100, qe_touch_main) [Slider] Delta: Pos=1 Step=0.0 ms=20

[Time=683483] (../qe_gen/qe_touch_sample.c:90, qe_touch_main) [Slider] Pos=33 Temp=20.5 ms=683483

[Time=683484] (../qe_gen/qe_touch_sample.c:100, qe_touch_main) [Slider] Delta: Pos=1 Step=0.0 ms=20

[Time=683503] (../qe_gen/qe_touch_sample.c:90, qe_touch_main) [Slider] Pos=36 Temp=21.0 ms=683503

[Time=683504] (../qe_gen/qe_touch_sample.c:100, qe_touch_main) [Slider] Delta: Pos=3 Step=1.0 ms=20

[Time=683523] (../qe_gen/qe_touch_sample.c:114, qe_touch_main) [Slider] Released Pos=36 ms=683523

[Time=683523] (../qe_gen/qe_touch_sample.c:126, qe_touch_main) [Slider] NoTouch cnt=1 ms=683523

[Time=683543] (../qe_gen/qe_touch_sample.c:90, qe_touch_main) [Slider] Pos=44 Temp=22.5 ms=683543

[Time=683563] (../qe_gen/qe_touch_sample.c:90, qe_touch_main) [Slider] Pos=47 Temp=23.0 ms=683563

[Time=683564] (../qe_gen/qe_touch_sample.c:100, qe_touch_main) [Slider] Delta: Pos=3 Step=1.0 ms=20

[Time=683583] (../qe_gen/qe_touch_sample.c:90, qe_touch_main) [Slider] Pos=48 Temp=23.0 ms=683583

[Time=683584] (../qe_gen/qe_touch_sample.c:100, qe_touch_main) [Slider] Delta: Pos=1 Step=0.0 ms=20

[Time=683603] (../qe_gen/qe_touch_sample.c:90, qe_touch_main) [Slider] Pos=48 Temp=23.0 ms=683603

[Time=683623] (../qe_gen/qe_touch_sample.c:90, qe_touch_main) [Slider] Pos=49 Temp=23.0 ms=683623

[Time=683624] (../qe_gen/qe_touch_sample.c:100, qe_touch_main) [Slider] Delta: Pos=1 Step=0.0 ms=20

[Time=683643] (../qe_gen/qe_touch_sample.c:90, qe_touch_main) [Slider] Pos=49 Temp=23.0 ms=683643

[Time=683663] (../qe_gen/qe_touch_sample.c:90, qe_touch_main) [Slider] Pos=50 Temp=23.5 ms=683663

[Time=683665] (../qe_gen/qe_touch_sample.c:100, qe_touch_main) [Slider] Delta: Pos=1 Step=1.0 ms=20

[Time=683683] (../qe_gen/qe_touch_sample.c:90, qe_touch_main) [Slider] Pos=50 Temp=23.5 ms=683683

[Time=683703] (../qe_gen/qe_touch_sample.c:90, qe_touch_main) [Slider] Pos=51 Temp=23.5 ms=683703

[Time=683705] (../qe_gen/qe_touch_sample.c:100, qe_touch_main) [Slider] Delta: Pos=1 Step=0.0 ms=20

[Time=683723] (../qe_gen/qe_touch_sample.c:90, qe_touch_main) [Slider] Pos=51 Temp=23.5 ms=683723

[Time=683743] (../qe_gen/qe_touch_sample.c:90, qe_touch_main) [Slider] Pos=52 Temp=23.5 ms=683743

[Time=683745] (../qe_gen/qe_touch_sample.c:100, qe_touch_main) [Slider] Delta: Pos=1 Step=0.0 ms=20

[Time=683763] (../qe_gen/qe_touch_sample.c:90, qe_touch_main) [Slider] Pos=52 Temp=23.5 ms=683763

[Time=683783] (../qe_gen/qe_touch_sample.c:90, qe_touch_main) [Slider] Pos=53 Temp=23.5 ms=683783

[Time=683785] (../qe_gen/qe_touch_sample.c:100, qe_touch_main) [Slider] Delta: Pos=1 Step=0.0 ms=20

[Time=683803] (../qe_gen/qe_touch_sample.c:90, qe_touch_main) [Slider] Pos=54 Temp=24.0 ms=683803

[Time=683804] (../qe_gen/qe_touch_sample.c:100, qe_touch_main) [Slider] Delta: Pos=1 Step=1.0 ms=20

[Time=683823] (../qe_gen/qe_touch_sample.c:90, qe_touch_main) [Slider] Pos=57 Temp=24.5 ms=683823

[Time=683824] (../qe_gen/qe_touch_sample.c:100, qe_touch_main) [Slider] Delta: Pos=3 Step=1.0 ms=20

[Time=683843] (../qe_gen/qe_touch_sample.c:114, qe_touch_main) [Slider] Released Pos=57 ms=683843

[Time=683843] (../qe_gen/qe_touch_sample.c:126, qe_touch_main) [Slider] NoTouch cnt=1 ms=683843

[Time=683863] (../qe_gen/qe_touch_sample.c:90, qe_touch_main) [Slider] Pos=63 Temp=25.0 ms=683863

[Time=683883] (../qe_gen/qe_touch_sample.c:90, qe_touch_main) [Slider] Pos=65 Temp=25.5 ms=683883

[Time=683885] (../qe_gen/qe_touch_sample.c:100, qe_touch_main) [Slider] Delta: Pos=2 Step=1.0 ms=20

[Time=683903] (../qe_gen/qe_touch_sample.c:90, qe_touch_main) [Slider] Pos=66 Temp=25.5 ms=683903

[Time=683904] (../qe_gen/qe_touch_sample.c:100, qe_touch_main) [Slider] Delta: Pos=1 Step=0.0 ms=20

[Time=683923] (../qe_gen/qe_touch_sample.c:90, qe_touch_main) [Slider] Pos=67 Temp=26.0 ms=683923

[Time=683924] (../qe_gen/qe_touch_sample.c:100, qe_touch_main) [Slider] Delta: Pos=1 Step=1.0 ms=20

[Time=683943] (../qe_gen/qe_touch_sample.c:90, qe_touch_main) [Slider] Pos=68 Temp=26.0 ms=683943

[Time=683944] (../qe_gen/qe_touch_sample.c:100, qe_touch_main) [Slider] Delta: Pos=1 Step=0.0 ms=20

[Time=683963] (../qe_gen/qe_touch_sample.c:90, qe_touch_main) [Slider] Pos=68 Temp=26.0 ms=683963

[Time=683983] (../qe_gen/qe_touch_sample.c:90, qe_touch_main) [Slider] Pos=69 Temp=26.0 ms=683983

[Time=683984] (../qe_gen/qe_touch_sample.c:100, qe_touch_main) [Slider] Delta: Pos=1 Step=0.0 ms=20

[Time=684003] (../qe_gen/qe_touch_sample.c:90, qe_touch_main) [Slider] Pos=69 Temp=26.0 ms=684003

[Time=684023] (../qe_gen/qe_touch_sample.c:90, qe_touch_main) [Slider] Pos=69 Temp=26.0 ms=684023

[Time=684043] (../qe_gen/qe_touch_sample.c:90, qe_touch_main) [Slider] Pos=69 Temp=26.0 ms=684043

[Time=684063] (../qe_gen/qe_touch_sample.c:90, qe_touch_main) [Slider] Pos=70 Temp=26.5 ms=684063

[Time=684065] (../qe_gen/qe_touch_sample.c:100, qe_touch_main) [Slider] Delta: Pos=1 Step=1.0 ms=20

[Time=684083] (../qe_gen/qe_touch_sample.c:90, qe_touch_main) [Slider] Pos=70 Temp=26.5 ms=684083

[Time=684103] (../qe_gen/qe_touch_sample.c:90, qe_touch_main) [Slider] Pos=70 Temp=26.5 ms=684103

[Time=684123] (../qe_gen/qe_touch_sample.c:90, qe_touch_main) [Slider] Pos=71 Temp=26.5 ms=684123

[Time=684125] (../qe_gen/qe_touch_sample.c:100, qe_touch_main) [Slider] Delta: Pos=1 Step=0.0 ms=20

[Time=684143] (../qe_gen/qe_touch_sample.c:90, qe_touch_main) [Slider] Pos=71 Temp=26.5 ms=684143

[Time=684163] (../qe_gen/qe_touch_sample.c:90, qe_touch_main) [Slider] Pos=71 Temp=26.5 ms=684163

[Time=684183] (../qe_gen/qe_touch_sample.c:90, qe_touch_main) [Slider] Pos=72 Temp=26.5 ms=684183

[Time=684185] (../qe_gen/qe_touch_sample.c:100, qe_touch_main) [Slider] Delta: Pos=1 Step=0.0 ms=20

[Time=684203] (../qe_gen/qe_touch_sample.c:90, qe_touch_main) [Slider] Pos=72 Temp=26.5 ms=684203

[Time=684223] (../qe_gen/qe_touch_sample.c:90, qe_touch_main) [Slider] Pos=73 Temp=26.5 ms=684223

[Time=684225] (../qe_gen/qe_touch_sample.c:100, qe_touch_main) [Slider] Delta: Pos=1 Step=0.0 ms=20

[Time=684243] (../qe_gen/qe_touch_sample.c:90, qe_touch_main) [Slider] Pos=73 Temp=26.5 ms=684243

[Time=684263] (../qe_gen/qe_touch_sample.c:90, qe_touch_main) [Slider] Pos=75 Temp=27.0 ms=684263

[Time=684264] (../qe_gen/qe_touch_sample.c:100, qe_touch_main) [Slider] Delta: Pos=2 Step=1.0 ms=20

[Time=684283] (../qe_gen/qe_touch_sample.c:90, qe_touch_main) [Slider] Pos=76 Temp=27.0 ms=684283

[Time=684284] (../qe_gen/qe_touch_sample.c:100, qe_touch_main) [Slider] Delta: Pos=1 Step=0.0 ms=20

[Time=684303] (../qe_gen/qe_touch_sample.c:90, qe_touch_main) [Slider] Pos=78 Temp=27.5 ms=684303

[Time=684304] (../qe_gen/qe_touch_sample.c:100, qe_touch_main) [Slider] Delta: Pos=2 Step=1.0 ms=20

[Time=684323] (../qe_gen/qe_touch_sample.c:90, qe_touch_main) [Slider] Pos=82 Temp=28.0 ms=684323

[Time=684324] (../qe_gen/qe_touch_sample.c:100, qe_touch_main) [Slider] Delta: Pos=4 Step=1.0 ms=20

[Time=684343] (../qe_gen/qe_touch_sample.c:90, qe_touch_main) [Slider] Pos=87 Temp=29.0 ms=684343

[Time=684344] (../qe_gen/qe_touch_sample.c:100, qe_touch_main) [Slider] Delta: Pos=5 Step=2.0 ms=20

[Time=684363] (../qe_gen/qe_touch_sample.c:90, qe_touch_main) [Slider] Pos=89 Temp=29.0 ms=684363

[Time=684364] (../qe_gen/qe_touch_sample.c:100, qe_touch_main) [Slider] Delta: Pos=2 Step=0.0 ms=20

[Time=684383] (../qe_gen/qe_touch_sample.c:90, qe_touch_main) [Slider] Pos=91 Temp=29.5 ms=684383

[Time=684384] (../qe_gen/qe_touch_sample.c:100, qe_touch_main) [Slider] Delta: Pos=2 Step=1.0 ms=20

[Time=684403] (../qe_gen/qe_touch_sample.c:90, qe_touch_main) [Slider] Pos=92 Temp=29.5 ms=684403

[Time=684404] (../qe_gen/qe_touch_sample.c:100, qe_touch_main) [Slider] Delta: Pos=1 Step=0.0 ms=20

[Time=684423] (../qe_gen/qe_touch_sample.c:90, qe_touch_main) [Slider] Pos=93 Temp=29.5 ms=684423

[Time=684424] (../qe_gen/qe_touch_sample.c:100, qe_touch_main) [Slider] Delta: Pos=1 Step=0.0 ms=20

[Time=684443] (../qe_gen/qe_touch_sample.c:90, qe_touch_main) [Slider] Pos=94 Temp=30.0 ms=684443

[Time=684444] (../qe_gen/qe_touch_sample.c:100, qe_touch_main) [Slider] Delta: Pos=1 Step=1.0 ms=20

[Time=684463] (../qe_gen/qe_touch_sample.c:90, qe_touch_main) [Slider] Pos=96 Temp=30.0 ms=684463

[Time=684464] (../qe_gen/qe_touch_sample.c:100, qe_touch_main) [Slider] Delta: Pos=2 Step=0.0 ms=20

[Time=684483] (../qe_gen/qe_touch_sample.c:90, qe_touch_main) [Slider] Pos=96 Temp=30.0 ms=684483

[Time=684503] (../qe_gen/qe_touch_sample.c:90, qe_touch_main) [Slider] Pos=97 Temp=30.5 ms=684503

[Time=684505] (../qe_gen/qe_touch_sample.c:100, qe_touch_main) [Slider] Delta: Pos=1 Step=1.0 ms=20

[Time=684523] (../qe_gen/qe_touch_sample.c:90, qe_touch_main) [Slider] Pos=97 Temp=30.5 ms=684523

[Time=684543] (../qe_gen/qe_touch_sample.c:90, qe_touch_main) [Slider] Pos=98 Temp=30.5 ms=684543

[Time=684545] (../qe_gen/qe_touch_sample.c:100, qe_touch_main) [Slider] Delta: Pos=1 Step=0.0 ms=20

[Time=684563] (../qe_gen/qe_touch_sample.c:90, qe_touch_main) [Slider] Pos=98 Temp=30.5 ms=684563

[Time=684583] (../qe_gen/qe_touch_sample.c:90, qe_touch_main) [Slider] Pos=98 Temp=30.5 ms=684583

[Time=684603] (../qe_gen/qe_touch_sample.c:90, qe_touch_main) [Slider] Pos=98 Temp=30.5 ms=684603

[Time=684623] (../qe_gen/qe_touch_sample.c:90, qe_touch_main) [Slider] Pos=98 Temp=30.5 ms=684623

[Time=684643] (../qe_gen/qe_touch_sample.c:90, qe_touch_main) [Slider] Pos=98 Temp=30.5 ms=684643

[Time=684663] (../qe_gen/qe_touch_sample.c:90, qe_touch_main) [Slider] Pos=98 Temp=30.5 ms=684663

[Time=684683] (../qe_gen/qe_touch_sample.c:90, qe_touch_main) [Slider] Pos=98 Temp=30.5 ms=684683

[Time=684703] (../qe_gen/qe_touch_sample.c:90, qe_touch_main) [Slider] Pos=99 Temp=30.5 ms=684703

[Time=684705] (../qe_gen/qe_touch_sample.c:100, qe_touch_main) [Slider] Delta: Pos=1 Step=0.0 ms=20

[Time=684723] (../qe_gen/qe_touch_sample.c:90, qe_touch_main) [Slider] Pos=99 Temp=30.5 ms=684723

[Time=684743] (../qe_gen/qe_touch_sample.c:90, qe_touch_main) [Slider] Pos=99 Temp=30.5 ms=684743

[Time=684763] (../qe_gen/qe_touch_sample.c:90, qe_touch_main) [Slider] Pos=99 Temp=30.5 ms=684763

[Time=684783] (../qe_gen/qe_touch_sample.c:90, qe_touch_main) [Slider] Pos=99 Temp=30.5 ms=684783

[Time=684803] (../qe_gen/qe_touch_sample.c:90, qe_touch_main) [Slider] Pos=99 Temp=30.5 ms=684803

[Time=684823] (../qe_gen/qe_touch_sample.c:90, qe_touch_main) [Slider] Pos=99 Temp=30.5 ms=684823

[Time=684843] (../qe_gen/qe_touch_sample.c:90, qe_touch_main) [Slider] Pos=99 Temp=30.5 ms=684843

[Time=684863] (../qe_gen/qe_touch_sample.c:90, qe_touch_main) [Slider] Pos=99 Temp=30.5 ms=684863

[Time=684883] (../qe_gen/qe_touch_sample.c:90, qe_touch_main) [Slider] Pos=99 Temp=30.5 ms=684883

[Time=684903] (../qe_gen/qe_touch_sample.c:90, qe_touch_main) [Slider] Pos=99 Temp=30.5 ms=684903

[Time=684923] (../qe_gen/qe_touch_sample.c:90, qe_touch_main) [Slider] Pos=99 Temp=30.5 ms=684923

[Time=684943] (../qe_gen/qe_touch_sample.c:90, qe_touch_main) [Slider] Pos=99 Temp=30.5 ms=684943

[Time=684963] (../qe_gen/qe_touch_sample.c:90, qe_touch_main) [Slider] Pos=99 Temp=30.5 ms=684963

[Time=684983] (../qe_gen/qe_touch_sample.c:90, qe_touch_main) [Slider] Pos=99 Temp=30.5 ms=684983

[Time=685003] (../qe_gen/qe_touch_sample.c:90, qe_touch_main) [Slider] Pos=99 Temp=30.5 ms=685003

[Time=685023] (../qe_gen/qe_touch_sample.c:90, qe_touch_main) [Slider] Pos=100 Temp=31.0 ms=685023

[Time=685024] (../qe_gen/qe_touch_sample.c:100, qe_touch_main) [Slider] Delta: Pos=1 Step=1.0 ms=20

[Time=685043] (../qe_gen/qe_touch_sample.c:90, qe_touch_main) [Slider] Pos=100 Temp=31.0 ms=685043

[Time=685063] (../qe_gen/qe_touch_sample.c:114, qe_touch_main) [Slider] Released Pos=100 ms=685063

[Time=685063] (../qe_gen/qe_touch_sample.c:126, qe_touch_main) [Slider] NoTouch cnt=1 ms=685063

[Time=685243] (../qe_gen/qe_touch_sample.c:134, qe_touch_main) [Slider] Paused ms=685243

[Time=686863] (../qe_gen/qe_touch_sample.c:90, qe_touch_main) [Slider] Pos=98 Temp=30.5 ms=686863

[Time=686883] (../qe_gen/qe_touch_sample.c:90, qe_touch_main) [Slider] Pos=98 Temp=30.5 ms=686883

[Time=686903] (../qe_gen/qe_touch_sample.c:90, qe_touch_main) [Slider] Pos=98 Temp=30.5 ms=686903

[Time=686923] (../qe_gen/qe_touch_sample.c:90, qe_touch_main) [Slider] Pos=98 Temp=30.5 ms=686923

[Time=686943] (../qe_gen/qe_touch_sample.c:90, qe_touch_main) [Slider] Pos=98 Temp=30.5 ms=686943

[Time=686963] (../qe_gen/qe_touch_sample.c:90, qe_touch_main) [Slider] Pos=99 Temp=30.5 ms=686963

[Time=686965] (../qe_gen/qe_touch_sample.c:100, qe_touch_main) [Slider] Delta: Pos=1 Step=0.0 ms=20

[Time=686983] (../qe_gen/qe_touch_sample.c:90, qe_touch_main) [Slider] Pos=99 Temp=30.5 ms=686983

[Time=687003] (../qe_gen/qe_touch_sample.c:90, qe_touch_main) [Slider] Pos=99 Temp=30.5 ms=687003

[Time=687023] (../qe_gen/qe_touch_sample.c:90, qe_touch_main) [Slider] Pos=99 Temp=30.5 ms=687023

[Time=687043] (../qe_gen/qe_touch_sample.c:90, qe_touch_main) [Slider] Pos=99 Temp=30.5 ms=687043

[Time=687063] (../qe_gen/qe_touch_sample.c:90, qe_touch_main) [Slider] Pos=100 Temp=31.0 ms=687063

[Time=687064] (../qe_gen/qe_touch_sample.c:100, qe_touch_main) [Slider] Delta: Pos=1 Step=1.0 ms=20

[Time=687083] (../qe_gen/qe_touch_sample.c:90, qe_touch_main) [Slider] Pos=100 Temp=31.0 ms=687083

[Time=687103] (../qe_gen/qe_touch_sample.c:90, qe_touch_main) [Slider] Pos=100 Temp=31.0 ms=687103

[Time=687123] (../qe_gen/qe_touch_sample.c:90, qe_touch_main) [Slider] Pos=99 Temp=30.5 ms=687123

[Time=687125] (../qe_gen/qe_touch_sample.c:100, qe_touch_main) [Slider] Delta: Pos=-1 Step=-1.0 ms=20

[Time=687143] (../qe_gen/qe_touch_sample.c:90, qe_touch_main) [Slider] Pos=99 Temp=30.5 ms=687143

[Time=687163] (../qe_gen/qe_touch_sample.c:90, qe_touch_main) [Slider] Pos=99 Temp=30.5 ms=687163

[Time=687183] (../qe_gen/qe_touch_sample.c:90, qe_touch_main) [Slider] Pos=99 Temp=30.5 ms=687183

[Time=687203] (../qe_gen/qe_touch_sample.c:90, qe_touch_main) [Slider] Pos=98 Temp=30.5 ms=687203

[Time=687205] (../qe_gen/qe_touch_sample.c:100, qe_touch_main) [Slider] Delta: Pos=-1 Step=0.0 ms=20

[Time=687223] (../qe_gen/qe_touch_sample.c:90, qe_touch_main) [Slider] Pos=98 Temp=30.5 ms=687223

[Time=687243] (../qe_gen/qe_touch_sample.c:90, qe_touch_main) [Slider] Pos=98 Temp=30.5 ms=687243

[Time=687263] (../qe_gen/qe_touch_sample.c:90, qe_touch_main) [Slider] Pos=98 Temp=30.5 ms=687263

[Time=687283] (../qe_gen/qe_touch_sample.c:90, qe_touch_main) [Slider] Pos=98 Temp=30.5 ms=687283

[Time=687303] (../qe_gen/qe_touch_sample.c:90, qe_touch_main) [Slider] Pos=97 Temp=30.5 ms=687303

[Time=687305] (../qe_gen/qe_touch_sample.c:100, qe_touch_main) [Slider] Delta: Pos=-1 Step=0.0 ms=20

[Time=687323] (../qe_gen/qe_touch_sample.c:90, qe_touch_main) [Slider] Pos=96 Temp=30.0 ms=687323

[Time=687324] (../qe_gen/qe_touch_sample.c:100, qe_touch_main) [Slider] Delta: Pos=-1 Step=-1.0 ms=20

[Time=687343] (../qe_gen/qe_touch_sample.c:90, qe_touch_main) [Slider] Pos=95 Temp=30.0 ms=687343

[Time=687344] (../qe_gen/qe_touch_sample.c:100, qe_touch_main) [Slider] Delta: Pos=-1 Step=0.0 ms=20

[Time=687363] (../qe_gen/qe_touch_sample.c:90, qe_touch_main) [Slider] Pos=94 Temp=30.0 ms=687363

[Time=687364] (../qe_gen/qe_touch_sample.c:100, qe_touch_main) [Slider] Delta: Pos=-1 Step=0.0 ms=20

[Time=687383] (../qe_gen/qe_touch_sample.c:90, qe_touch_main) [Slider] Pos=92 Temp=29.5 ms=687383

[Time=687384] (../qe_gen/qe_touch_sample.c:100, qe_touch_main) [Slider] Delta: Pos=-2 Step=-1.0 ms=20

[Time=687403] (../qe_gen/qe_touch_sample.c:90, qe_touch_main) [Slider] Pos=90 Temp=29.5 ms=687403

[Time=687404] (../qe_gen/qe_touch_sample.c:100, qe_touch_main) [Slider] Delta: Pos=-2 Step=0.0 ms=20

[Time=687423] (../qe_gen/qe_touch_sample.c:90, qe_touch_main) [Slider] Pos=85 Temp=28.5 ms=687423

[Time=687424] (../qe_gen/qe_touch_sample.c:100, qe_touch_main) [Slider] Delta: Pos=-5 Step=-2.0 ms=20

[Time=687443] (../qe_gen/qe_touch_sample.c:90, qe_touch_main) [Slider] Pos=78 Temp=27.5 ms=687443

[Time=687444] (../qe_gen/qe_touch_sample.c:100, qe_touch_main) [Slider] Delta: Pos=-7 Step=-2.0 ms=20

[Time=687463] (../qe_gen/qe_touch_sample.c:90, qe_touch_main) [Slider] Pos=75 Temp=27.0 ms=687463

[Time=687464] (../qe_gen/qe_touch_sample.c:100, qe_touch_main) [Slider] Delta: Pos=-3 Step=-1.0 ms=20

[Time=687483] (../qe_gen/qe_touch_sample.c:90, qe_touch_main) [Slider] Pos=74 Temp=27.0 ms=687483

[Time=687484] (../qe_gen/qe_touch_sample.c:100, qe_touch_main) [Slider] Delta: Pos=-1 Step=0.0 ms=20

[Time=687503] (../qe_gen/qe_touch_sample.c:90, qe_touch_main) [Slider] Pos=72 Temp=26.5 ms=687503

[Time=687504] (../qe_gen/qe_touch_sample.c:100, qe_touch_main) [Slider] Delta: Pos=-2 Step=-1.0 ms=20

[Time=687523] (../qe_gen/qe_touch_sample.c:90, qe_touch_main) [Slider] Pos=72 Temp=26.5 ms=687523

[Time=687543] (../qe_gen/qe_touch_sample.c:90, qe_touch_main) [Slider] Pos=71 Temp=26.5 ms=687543

[Time=687545] (../qe_gen/qe_touch_sample.c:100, qe_touch_main) [Slider] Delta: Pos=-1 Step=0.0 ms=20

[Time=687563] (../qe_gen/qe_touch_sample.c:90, qe_touch_main) [Slider] Pos=71 Temp=26.5 ms=687563

[Time=687583] (../qe_gen/qe_touch_sample.c:90, qe_touch_main) [Slider] Pos=70 Temp=26.5 ms=687583

[Time=687585] (../qe_gen/qe_touch_sample.c:100, qe_touch_main) [Slider] Delta: Pos=-1 Step=0.0 ms=20

[Time=687603] (../qe_gen/qe_touch_sample.c:90, qe_touch_main) [Slider] Pos=70 Temp=26.5 ms=687603

[Time=687623] (../qe_gen/qe_touch_sample.c:90, qe_touch_main) [Slider] Pos=70 Temp=26.5 ms=687623

[Time=687643] (../qe_gen/qe_touch_sample.c:90, qe_touch_main) [Slider] Pos=70 Temp=26.5 ms=687643

[Time=687663] (../qe_gen/qe_touch_sample.c:90, qe_touch_main) [Slider] Pos=69 Temp=26.0 ms=687663

[Time=687664] (../qe_gen/qe_touch_sample.c:100, qe_touch_main) [Slider] Delta: Pos=-1 Step=-1.0 ms=20

[Time=687683] (../qe_gen/qe_touch_sample.c:90, qe_touch_main) [Slider] Pos=69 Temp=26.0 ms=687683

[Time=687703] (../qe_gen/qe_touch_sample.c:90, qe_touch_main) [Slider] Pos=68 Temp=26.0 ms=687703

[Time=687704] (../qe_gen/qe_touch_sample.c:100, qe_touch_main) [Slider] Delta: Pos=-1 Step=0.0 ms=20

[Time=687723] (../qe_gen/qe_touch_sample.c:90, qe_touch_main) [Slider] Pos=68 Temp=26.0 ms=687723

[Time=687743] (../qe_gen/qe_touch_sample.c:90, qe_touch_main) [Slider] Pos=68 Temp=26.0 ms=687743

[Time=687763] (../qe_gen/qe_touch_sample.c:90, qe_touch_main) [Slider] Pos=67 Temp=26.0 ms=687763

[Time=687764] (../qe_gen/qe_touch_sample.c:100, qe_touch_main) [Slider] Delta: Pos=-1 Step=0.0 ms=20

[Time=687783] (../qe_gen/qe_touch_sample.c:90, qe_touch_main) [Slider] Pos=66 Temp=25.5 ms=687783

[Time=687785] (../qe_gen/qe_touch_sample.c:100, qe_touch_main) [Slider] Delta: Pos=-1 Step=-1.0 ms=20

[Time=687803] (../qe_gen/qe_touch_sample.c:90, qe_touch_main) [Slider] Pos=65 Temp=25.5 ms=687803

[Time=687804] (../qe_gen/qe_touch_sample.c:100, qe_touch_main) [Slider] Delta: Pos=-1 Step=0.0 ms=20

[Time=687823] (../qe_gen/qe_touch_sample.c:90, qe_touch_main) [Slider] Pos=63 Temp=25.0 ms=687823

[Time=687824] (../qe_gen/qe_touch_sample.c:100, qe_touch_main) [Slider] Delta: Pos=-2 Step=-1.0 ms=20

[Time=687843] (../qe_gen/qe_touch_sample.c:114, qe_touch_main) [Slider] Released Pos=63 ms=687843

[Time=687843] (../qe_gen/qe_touch_sample.c:126, qe_touch_main) [Slider] NoTouch cnt=1 ms=687843

[Time=687863] (../qe_gen/qe_touch_sample.c:90, qe_touch_main) [Slider] Pos=57 Temp=24.5 ms=687863

[Time=687883] (../qe_gen/qe_touch_sample.c:90, qe_touch_main) [Slider] Pos=55 Temp=24.0 ms=687883

[Time=687884] (../qe_gen/qe_touch_sample.c:100, qe_touch_main) [Slider] Delta: Pos=-2 Step=-1.0 ms=20

[Time=687903] (../qe_gen/qe_touch_sample.c:90, qe_touch_main) [Slider] Pos=54 Temp=24.0 ms=687903

[Time=687904] (../qe_gen/qe_touch_sample.c:100, qe_touch_main) [Slider] Delta: Pos=-1 Step=0.0 ms=20

[Time=687923] (../qe_gen/qe_touch_sample.c:90, qe_touch_main) [Slider] Pos=53 Temp=23.5 ms=687923

[Time=687924] (../qe_gen/qe_touch_sample.c:100, qe_touch_main) [Slider] Delta: Pos=-1 Step=-1.0 ms=20

[Time=687943] (../qe_gen/qe_touch_sample.c:90, qe_touch_main) [Slider] Pos=52 Temp=23.5 ms=687943

[Time=687944] (../qe_gen/qe_touch_sample.c:100, qe_touch_main) [Slider] Delta: Pos=-1 Step=0.0 ms=20

[Time=687963] (../qe_gen/qe_touch_sample.c:90, qe_touch_main) [Slider] Pos=52 Temp=23.5 ms=687963

[Time=687983] (../qe_gen/qe_touch_sample.c:90, qe_touch_main) [Slider] Pos=51 Temp=23.5 ms=687983

[Time=687985] (../qe_gen/qe_touch_sample.c:100, qe_touch_main) [Slider] Delta: Pos=-1 Step=0.0 ms=20

[Time=688003] (../qe_gen/qe_touch_sample.c:90, qe_touch_main) [Slider] Pos=51 Temp=23.5 ms=688003

[Time=688023] (../qe_gen/qe_touch_sample.c:90, qe_touch_main) [Slider] Pos=51 Temp=23.5 ms=688023

[Time=688043] (../qe_gen/qe_touch_sample.c:90, qe_touch_main) [Slider] Pos=50 Temp=23.5 ms=688043

[Time=688045] (../qe_gen/qe_touch_sample.c:100, qe_touch_main) [Slider] Delta: Pos=-1 Step=0.0 ms=20

[Time=688063] (../qe_gen/qe_touch_sample.c:90, qe_touch_main) [Slider] Pos=50 Temp=23.5 ms=688063

[Time=688083] (../qe_gen/qe_touch_sample.c:90, qe_touch_main) [Slider] Pos=50 Temp=23.5 ms=688083

[Time=688103] (../qe_gen/qe_touch_sample.c:90, qe_touch_main) [Slider] Pos=50 Temp=23.5 ms=688103

[Time=688123] (../qe_gen/qe_touch_sample.c:90, qe_touch_main) [Slider] Pos=49 Temp=23.0 ms=688123

[Time=688124] (../qe_gen/qe_touch_sample.c:100, qe_touch_main) [Slider] Delta: Pos=-1 Step=-1.0 ms=20

[Time=688143] (../qe_gen/qe_touch_sample.c:90, qe_touch_main) [Slider] Pos=49 Temp=23.0 ms=688143

[Time=688163] (../qe_gen/qe_touch_sample.c:90, qe_touch_main) [Slider] Pos=49 Temp=23.0 ms=688163

[Time=688183] (../qe_gen/qe_touch_sample.c:90, qe_touch_main) [Slider] Pos=48 Temp=23.0 ms=688183

[Time=688184] (../qe_gen/qe_touch_sample.c:100, qe_touch_main) [Slider] Delta: Pos=-1 Step=0.0 ms=20

[Time=688203] (../qe_gen/qe_touch_sample.c:90, qe_touch_main) [Slider] Pos=48 Temp=23.0 ms=688203

[Time=688223] (../qe_gen/qe_touch_sample.c:90, qe_touch_main) [Slider] Pos=47 Temp=23.0 ms=688223

[Time=688224] (../qe_gen/qe_touch_sample.c:100, qe_touch_main) [Slider] Delta: Pos=-1 Step=0.0 ms=20

[Time=688243] (../qe_gen/qe_touch_sample.c:90, qe_touch_main) [Slider] Pos=46 Temp=22.5 ms=688243

[Time=688245] (../qe_gen/qe_touch_sample.c:100, qe_touch_main) [Slider] Delta: Pos=-1 Step=-1.0 ms=20

[Time=688263] (../qe_gen/qe_touch_sample.c:90, qe_touch_main) [Slider] Pos=44 Temp=22.5 ms=688263

[Time=688264] (../qe_gen/qe_touch_sample.c:100, qe_touch_main) [Slider] Delta: Pos=-2 Step=0.0 ms=20

[Time=688283] (../qe_gen/qe_touch_sample.c:114, qe_touch_main) [Slider] Released Pos=44 ms=688283

[Time=688283] (../qe_gen/qe_touch_sample.c:126, qe_touch_main) [Slider] NoTouch cnt=1 ms=688283

[Time=688303] (../qe_gen/qe_touch_sample.c:90, qe_touch_main) [Slider] Pos=37 Temp=21.5 ms=688303

[Time=688323] (../qe_gen/qe_touch_sample.c:90, qe_touch_main) [Slider] Pos=35 Temp=21.0 ms=688323

[Time=688324] (../qe_gen/qe_touch_sample.c:100, qe_touch_main) [Slider] Delta: Pos=-2 Step=-1.0 ms=20

[Time=688343] (../qe_gen/qe_touch_sample.c:90, qe_touch_main) [Slider] Pos=33 Temp=20.5 ms=688343

[Time=688344] (../qe_gen/qe_touch_sample.c:100, qe_touch_main) [Slider] Delta: Pos=-2 Step=-1.0 ms=20

[Time=688363] (../qe_gen/qe_touch_sample.c:90, qe_touch_main) [Slider] Pos=32 Temp=20.5 ms=688363

[Time=688364] (../qe_gen/qe_touch_sample.c:100, qe_touch_main) [Slider] Delta: Pos=-1 Step=0.0 ms=20

[Time=688383] (../qe_gen/qe_touch_sample.c:90, qe_touch_main) [Slider] Pos=32 Temp=20.5 ms=688383

[Time=688403] (../qe_gen/qe_touch_sample.c:90, qe_touch_main) [Slider] Pos=31 Temp=20.5 ms=688403

[Time=688405] (../qe_gen/qe_touch_sample.c:100, qe_touch_main) [Slider] Delta: Pos=-1 Step=0.0 ms=20

[Time=688423] (../qe_gen/qe_touch_sample.c:90, qe_touch_main) [Slider] Pos=31 Temp=20.5 ms=688423

[Time=688443] (../qe_gen/qe_touch_sample.c:90, qe_touch_main) [Slider] Pos=31 Temp=20.5 ms=688443

[Time=688463] (../qe_gen/qe_touch_sample.c:90, qe_touch_main) [Slider] Pos=30 Temp=20.5 ms=688463

[Time=688465] (../qe_gen/qe_touch_sample.c:100, qe_touch_main) [Slider] Delta: Pos=-1 Step=0.0 ms=20

[Time=688483] (../qe_gen/qe_touch_sample.c:90, qe_touch_main) [Slider] Pos=30 Temp=20.5 ms=688483

[Time=688503] (../qe_gen/qe_touch_sample.c:90, qe_touch_main) [Slider] Pos=30 Temp=20.5 ms=688503

[Time=688523] (../qe_gen/qe_touch_sample.c:90, qe_touch_main) [Slider] Pos=30 Temp=20.5 ms=688523

[Time=688543] (../qe_gen/qe_touch_sample.c:90, qe_touch_main) [Slider] Pos=29 Temp=20.0 ms=688543

[Time=688544] (../qe_gen/qe_touch_sample.c:100, qe_touch_main) [Slider] Delta: Pos=-1 Step=-1.0 ms=20

[Time=688563] (../qe_gen/qe_touch_sample.c:90, qe_touch_main) [Slider] Pos=29 Temp=20.0 ms=688563

[Time=688583] (../qe_gen/qe_touch_sample.c:90, qe_touch_main) [Slider] Pos=28 Temp=20.0 ms=688583

[Time=688584] (../qe_gen/qe_touch_sample.c:100, qe_touch_main) [Slider] Delta: Pos=-1 Step=0.0 ms=20

[Time=688603] (../qe_gen/qe_touch_sample.c:90, qe_touch_main) [Slider] Pos=28 Temp=20.0 ms=688603

[Time=688623] (../qe_gen/qe_touch_sample.c:90, qe_touch_main) [Slider] Pos=28 Temp=20.0 ms=688623

[Time=688643] (../qe_gen/qe_touch_sample.c:90, qe_touch_main) [Slider] Pos=27 Temp=20.0 ms=688643

[Time=688644] (../qe_gen/qe_touch_sample.c:100, qe_touch_main) [Slider] Delta: Pos=-1 Step=0.0 ms=20

[Time=688663] (../qe_gen/qe_touch_sample.c:90, qe_touch_main) [Slider] Pos=27 Temp=20.0 ms=688663

[Time=688683] (../qe_gen/qe_touch_sample.c:90, qe_touch_main) [Slider] Pos=26 Temp=19.5 ms=688683

[Time=688685] (../qe_gen/qe_touch_sample.c:100, qe_touch_main) [Slider] Delta: Pos=-1 Step=-1.0 ms=20

[Time=688703] (../qe_gen/qe_touch_sample.c:90, qe_touch_main) [Slider] Pos=25 Temp=19.5 ms=688703

[Time=688704] (../qe_gen/qe_touch_sample.c:100, qe_touch_main) [Slider] Delta: Pos=-1 Step=0.0 ms=20

[Time=688723] (../qe_gen/qe_touch_sample.c:90, qe_touch_main) [Slider] Pos=24 Temp=19.5 ms=688723

[Time=688724] (../qe_gen/qe_touch_sample.c:100, qe_touch_main) [Slider] Delta: Pos=-1 Step=0.0 ms=20

[Time=688743] (../qe_gen/qe_touch_sample.c:90, qe_touch_main) [Slider] Pos=22 Temp=19.0 ms=688743

[Time=688744] (../qe_gen/qe_touch_sample.c:100, qe_touch_main) [Slider] Delta: Pos=-2 Step=-1.0 ms=20

[Time=688763] (../qe_gen/qe_touch_sample.c:114, qe_touch_main) [Slider] Released Pos=22 ms=688763

[Time=688763] (../qe_gen/qe_touch_sample.c:126, qe_touch_main) [Slider] NoTouch cnt=1 ms=688763

[Time=688803] (../qe_gen/qe_touch_sample.c:90, qe_touch_main) [Slider] Pos=12 Temp=17.5 ms=688803

[Time=688823] (../qe_gen/qe_touch_sample.c:90, qe_touch_main) [Slider] Pos=9 Temp=17.0 ms=688823

[Time=688824] (../qe_gen/qe_touch_sample.c:100, qe_touch_main) [Slider] Delta: Pos=-3 Step=-1.0 ms=20

[Time=688843] (../qe_gen/qe_touch_sample.c:90, qe_touch_main) [Slider] Pos=7 Temp=17.0 ms=688843

[Time=688844] (../qe_gen/qe_touch_sample.c:100, qe_touch_main) [Slider] Delta: Pos=-2 Step=0.0 ms=20

[Time=688863] (../qe_gen/qe_touch_sample.c:90, qe_touch_main) [Slider] Pos=5 Temp=16.5 ms=688863

[Time=688864] (../qe_gen/qe_touch_sample.c:100, qe_touch_main) [Slider] Delta: Pos=-2 Step=-1.0 ms=20

[Time=688883] (../qe_gen/qe_touch_sample.c:90, qe_touch_main) [Slider] Pos=4 Temp=16.5 ms=688883

[Time=688884] (../qe_gen/qe_touch_sample.c:100, qe_touch_main) [Slider] Delta: Pos=-1 Step=0.0 ms=20

[Time=688903] (../qe_gen/qe_touch_sample.c:90, qe_touch_main) [Slider] Pos=4 Temp=16.5 ms=688903

[Time=688923] (../qe_gen/qe_touch_sample.c:90, qe_touch_main) [Slider] Pos=3 Temp=16.0 ms=688923

[Time=688924] (../qe_gen/qe_touch_sample.c:100, qe_touch_main) [Slider] Delta: Pos=-1 Step=-1.0 ms=20

[Time=688943] (../qe_gen/qe_touch_sample.c:90, qe_touch_main) [Slider] Pos=3 Temp=16.0 ms=688943

[Time=688963] (../qe_gen/qe_touch_sample.c:90, qe_touch_main) [Slider] Pos=2 Temp=16.0 ms=688963

[Time=688964] (../qe_gen/qe_touch_sample.c:100, qe_touch_main) [Slider] Delta: Pos=-1 Step=0.0 ms=20

[Time=688983] (../qe_gen/qe_touch_sample.c:90, qe_touch_main) [Slider] Pos=2 Temp=16.0 ms=688983

[Time=689003] (../qe_gen/qe_touch_sample.c:90, qe_touch_main) [Slider] Pos=1 Temp=16.0 ms=689003

[Time=689004] (../qe_gen/qe_touch_sample.c:100, qe_touch_main) [Slider] Delta: Pos=-1 Step=0.0 ms=20

[Time=689023] (../qe_gen/qe_touch_sample.c:90, qe_touch_main) [Slider] Pos=1 Temp=16.0 ms=689023

[Time=689043] (../qe_gen/qe_touch_sample.c:90, qe_touch_main) [Slider] Pos=1 Temp=16.0 ms=689043

[Time=689063] (../qe_gen/qe_touch_sample.c:90, qe_touch_main) [Slider] Pos=1 Temp=16.0 ms=689063

[Time=689083] (../qe_gen/qe_touch_sample.c:90, qe_touch_main) [Slider] Pos=0 Temp=16.0 ms=689083

[Time=689084] (../qe_gen/qe_touch_sample.c:100, qe_touch_main) [Slider] Delta: Pos=-1 Step=0.0 ms=20

[Time=689103] (../qe_gen/qe_touch_sample.c:90, qe_touch_main) [Slider] Pos=0 Temp=16.0 ms=689103

[Time=689123] (../qe_gen/qe_touch_sample.c:90, qe_touch_main) [Slider] Pos=0 Temp=16.0 ms=689123

[Time=689143] (../qe_gen/qe_touch_sample.c:90, qe_touch_main) [Slider] Pos=1 Temp=16.0 ms=689143

[Time=689144] (../qe_gen/qe_touch_sample.c:100, qe_touch_main) [Slider] Delta: Pos=1 Step=0.0 ms=20

[Time=689163] (../qe_gen/qe_touch_sample.c:90, qe_touch_main) [Slider] Pos=1 Temp=16.0 ms=689163

[Time=689183] (../qe_gen/qe_touch_sample.c:90, qe_touch_main) [Slider] Pos=1 Temp=16.0 ms=689183

[Time=689203] (../qe_gen/qe_touch_sample.c:90, qe_touch_main) [Slider] Pos=1 Temp=16.0 ms=689203

[Time=689223] (../qe_gen/qe_touch_sample.c:90, qe_touch_main) [Slider] Pos=1 Temp=16.0 ms=689223

[Time=689243] (../qe_gen/qe_touch_sample.c:90, qe_touch_main) [Slider] Pos=1 Temp=16.0 ms=689243

[Time=689263] (../qe_gen/qe_touch_sample.c:90, qe_touch_main) [Slider] Pos=1 Temp=16.0 ms=689263

[Time=689283] (../qe_gen/qe_touch_sample.c:90, qe_touch_main) [Slider] Pos=1 Temp=16.0 ms=689283

[Time=689303] (../qe_gen/qe_touch_sample.c:90, qe_touch_main) [Slider] Pos=1 Temp=16.0 ms=689303

[Time=689323] (../qe_gen/qe_touch_sample.c:90, qe_touch_main) [Slider] Pos=1 Temp=16.0 ms=689323

[Time=689343] (../qe_gen/qe_touch_sample.c:90, qe_touch_main) [Slider] Pos=1 Temp=16.0 ms=689343

[Time=689363] (../qe_gen/qe_touch_sample.c:90, qe_touch_main) [Slider] Pos=1 Temp=16.0 ms=689363

[Time=689383] (../qe_gen/qe_touch_sample.c:90, qe_touch_main) [Slider] Pos=1 Temp=16.0 ms=689383

[Time=689403] (../qe_gen/qe_touch_sample.c:90, qe_touch_main) [Slider] Pos=1 Temp=16.0 ms=689403

[Time=689423] (../qe_gen/qe_touch_sample.c:114, qe_touch_main) [Slider] Released Pos=1 ms=689423

[Time=689423] (../qe_gen/qe_touch_sample.c:126, qe_touch_main) [Slider] NoTouch cnt=1 ms=689423

[Time=689523] (../qe_gen/qe_touch_sample.c:90, qe_touch_main) [Slider] Pos=70 Temp=26.5 ms=689523

[Time=689543] (../qe_gen/qe_touch_sample.c:90, qe_touch_main) [Slider] Pos=70 Temp=26.5 ms=689543

[Time=689563] (../qe_gen/qe_touch_sample.c:90, qe_touch_main) [Slider] Pos=70 Temp=26.5 ms=689563

[Time=689583] (../qe_gen/qe_touch_sample.c:90, qe_touch_main) [Slider] Pos=70 Temp=26.5 ms=689583

[Time=689603] (../qe_gen/qe_touch_sample.c:90, qe_touch_main) [Slider] Pos=70 Temp=26.5 ms=689603

[Time=689623] (../qe_gen/qe_touch_sample.c:90, qe_touch_main) [Slider] Pos=70 Temp=26.5 ms=689623

[Time=689643] (../qe_gen/qe_touch_sample.c:90, qe_touch_main) [Slider] Pos=70 Temp=26.5 ms=689643

[Time=689663] (../qe_gen/qe_touch_sample.c:90, qe_touch_main) [Slider] Pos=70 Temp=26.5 ms=689663

[Time=689683] (../qe_gen/qe_touch_sample.c:90, qe_touch_main) [Slider] Pos=70 Temp=26.5 ms=689683

[Time=689703] (../qe_gen/qe_touch_sample.c:90, qe_touch_main) [Slider] Pos=70 Temp=26.5 ms=689703

[Time=689723] (../qe_gen/qe_touch_sample.c:90, qe_touch_main) [Slider] Pos=70 Temp=26.5 ms=689723

[Time=689743] (../qe_gen/qe_touch_sample.c:90, qe_touch_main) [Slider] Pos=70 Temp=26.5 ms=689743

[Time=689763] (../qe_gen/qe_touch_sample.c:90, qe_touch_main) [Slider] Pos=70 Temp=26.5 ms=689763

[Time=689783] (../qe_gen/qe_touch_sample.c:90, qe_touch_main) [Slider] Pos=70 Temp=26.5 ms=689783

[Time=689803] (../qe_gen/qe_touch_sample.c:90, qe_touch_main) [Slider] Pos=70 Temp=26.5 ms=689803

[Time=689823] (../qe_gen/qe_touch_sample.c:90, qe_touch_main) [Slider] Pos=70 Temp=26.5 ms=689823

[Time=689843] (../qe_gen/qe_touch_sample.c:90, qe_touch_main) [Slider] Pos=70 Temp=26.5 ms=689843

[Time=689863] (../qe_gen/qe_touch_sample.c:90, qe_touch_main) [Slider] Pos=69 Temp=26.0 ms=689863

[Time=689864] (../qe_gen/qe_touch_sample.c:100, qe_touch_main) [Slider] Delta: Pos=-1 Step=-1.0 ms=20

[Time=689883] (../qe_gen/qe_touch_sample.c:90, qe_touch_main) [Slider] Pos=70 Temp=26.5 ms=689883

[Time=689885] (../qe_gen/qe_touch_sample.c:100, qe_touch_main) [Slider] Delta: Pos=1 Step=1.0 ms=20

[Time=689903] (../qe_gen/qe_touch_sample.c:90, qe_touch_main) [Slider] Pos=70 Temp=26.5 ms=689903

[Time=689923] (../qe_gen/qe_touch_sample.c:90, qe_touch_main) [Slider] Pos=70 Temp=26.5 ms=689923

[Time=689943] (../qe_gen/qe_touch_sample.c:90, qe_touch_main) [Slider] Pos=70 Temp=26.5 ms=689943

[Time=689963] (../qe_gen/qe_touch_sample.c:90, qe_touch_main) [Slider] Pos=70 Temp=26.5 ms=689963

[Time=689983] (../qe_gen/qe_touch_sample.c:114, qe_touch_main) [Slider] Released Pos=70 ms=689983

[Time=689983] (../qe_gen/qe_touch_sample.c:126, qe_touch_main) [Slider] NoTouch cnt=1 ms=689983

[Time=690163] (../qe_gen/qe_touch_sample.c:134, qe_touch_main) [Slider] Paused ms=690163

[Time=691123] (../qe_gen/qe_touch_sample.c:90, qe_touch_main) [Slider] Pos=1 Temp=16.0 ms=691123

[Time=691143] (../qe_gen/qe_touch_sample.c:90, qe_touch_main) [Slider] Pos=1 Temp=16.0 ms=691143

[Time=691163] (../qe_gen/qe_touch_sample.c:90, qe_touch_main) [Slider] Pos=1 Temp=16.0 ms=691163

[Time=691183] (../qe_gen/qe_touch_sample.c:90, qe_touch_main) [Slider] Pos=1 Temp=16.0 ms=691183

[Time=691203] (../qe_gen/qe_touch_sample.c:90, qe_touch_main) [Slider] Pos=1 Temp=16.0 ms=691203

[Time=691223] (../qe_gen/qe_touch_sample.c:90, qe_touch_main) [Slider] Pos=1 Temp=16.0 ms=691223

[Time=691243] (../qe_gen/qe_touch_sample.c:90, qe_touch_main) [Slider] Pos=1 Temp=16.0 ms=691243

[Time=691263] (../qe_gen/qe_touch_sample.c:90, qe_touch_main) [Slider] Pos=1 Temp=16.0 ms=691263

[Time=691283] (../qe_gen/qe_touch_sample.c:90, qe_touch_main) [Slider] Pos=1 Temp=16.0 ms=691283

[Time=691303] (../qe_gen/qe_touch_sample.c:90, qe_touch_main) [Slider] Pos=1 Temp=16.0 ms=691303

[Time=691323] (../qe_gen/qe_touch_sample.c:90, qe_touch_main) [Slider] Pos=1 Temp=16.0 ms=691323

[Time=691343] (../qe_gen/qe_touch_sample.c:90, qe_touch_main) [Slider] Pos=1 Temp=16.0 ms=691343

[Time=691363] (../qe_gen/qe_touch_sample.c:90, qe_touch_main) [Slider] Pos=1 Temp=16.0 ms=691363

[Time=691383] (../qe_gen/qe_touch_sample.c:90, qe_touch_main) [Slider] Pos=0 Temp=16.0 ms=691383

[Time=691384] (../qe_gen/qe_touch_sample.c:100, qe_touch_main) [Slider] Delta: Pos=-1 Step=0.0 ms=20

[Time=691403] (../qe_gen/qe_touch_sample.c:90, qe_touch_main) [Slider] Pos=1 Temp=16.0 ms=691403

[Time=691404] (../qe_gen/qe_touch_sample.c:100, qe_touch_main) [Slider] Delta: Pos=1 Step=0.0 ms=20

[Time=691423] (../qe_gen/qe_touch_sample.c:90, qe_touch_main) [Slider] Pos=2 Temp=16.0 ms=691423

[Time=691424] (../qe_gen/qe_touch_sample.c:100, qe_touch_main) [Slider] Delta: Pos=1 Step=0.0 ms=20

[Time=691443] (../qe_gen/qe_touch_sample.c:90, qe_touch_main) [Slider] Pos=4 Temp=16.5 ms=691443

[Time=691444] (../qe_gen/qe_touch_sample.c:100, qe_touch_main) [Slider] Delta: Pos=2 Step=1.0 ms=20

[Time=691463] (../qe_gen/qe_touch_sample.c:90, qe_touch_main) [Slider] Pos=8 Temp=17.0 ms=691463

[Time=691464] (../qe_gen/qe_touch_sample.c:100, qe_touch_main) [Slider] Delta: Pos=4 Step=1.0 ms=20

[Time=691483] (../qe_gen/qe_touch_sample.c:114, qe_touch_main) [Slider] Released Pos=8 ms=691483

[Time=691483] (../qe_gen/qe_touch_sample.c:126, qe_touch_main) [Slider] NoTouch cnt=1 ms=691483

[Time=691503] (../qe_gen/qe_touch_sample.c:90, qe_touch_main) [Slider] Pos=22 Temp=19.0 ms=691503

[Time=691523] (../qe_gen/qe_touch_sample.c:90, qe_touch_main) [Slider] Pos=25 Temp=19.5 ms=691523

[Time=691525] (../qe_gen/qe_touch_sample.c:100, qe_touch_main) [Slider] Delta: Pos=3 Step=1.0 ms=20

[Time=691543] (../qe_gen/qe_touch_sample.c:90, qe_touch_main) [Slider] Pos=27 Temp=20.0 ms=691543

[Time=691544] (../qe_gen/qe_touch_sample.c:100, qe_touch_main) [Slider] Delta: Pos=2 Step=1.0 ms=20

[Time=691563] (../qe_gen/qe_touch_sample.c:90, qe_touch_main) [Slider] Pos=28 Temp=20.0 ms=691563

[Time=691564] (../qe_gen/qe_touch_sample.c:100, qe_touch_main) [Slider] Delta: Pos=1 Step=0.0 ms=20

[Time=691583] (../qe_gen/qe_touch_sample.c:90, qe_touch_main) [Slider] Pos=28 Temp=20.0 ms=691583

[Time=691603] (../qe_gen/qe_touch_sample.c:90, qe_touch_main) [Slider] Pos=29 Temp=20.0 ms=691603

[Time=691604] (../qe_gen/qe_touch_sample.c:100, qe_touch_main) [Slider] Delta: Pos=1 Step=0.0 ms=20

[Time=691623] (../qe_gen/qe_touch_sample.c:90, qe_touch_main) [Slider] Pos=29 Temp=20.0 ms=691623

[Time=691643] (../qe_gen/qe_touch_sample.c:90, qe_touch_main) [Slider] Pos=30 Temp=20.5 ms=691643

[Time=691645] (../qe_gen/qe_touch_sample.c:100, qe_touch_main) [Slider] Delta: Pos=1 Step=1.0 ms=20

[Time=691663] (../qe_gen/qe_touch_sample.c:90, qe_touch_main) [Slider] Pos=30 Temp=20.5 ms=691663

[Time=691683] (../qe_gen/qe_touch_sample.c:90, qe_touch_main) [Slider] Pos=31 Temp=20.5 ms=691683

[Time=691685] (../qe_gen/qe_touch_sample.c:100, qe_touch_main) [Slider] Delta: Pos=1 Step=0.0 ms=20

[Time=691703] (../qe_gen/qe_touch_sample.c:90, qe_touch_main) [Slider] Pos=32 Temp=20.5 ms=691703

[Time=691704] (../qe_gen/qe_touch_sample.c:100, qe_touch_main) [Slider] Delta: Pos=1 Step=0.0 ms=20

[Time=691723] (../qe_gen/qe_touch_sample.c:90, qe_touch_main) [Slider] Pos=33 Temp=20.5 ms=691723

[Time=691724] (../qe_gen/qe_touch_sample.c:100, qe_touch_main) [Slider] Delta: Pos=1 Step=0.0 ms=20

[Time=691743] (../qe_gen/qe_touch_sample.c:90, qe_touch_main) [Slider] Pos=35 Temp=21.0 ms=691743

[Time=691744] (../qe_gen/qe_touch_sample.c:100, qe_touch_main) [Slider] Delta: Pos=2 Step=1.0 ms=20

[Time=691763] (../qe_gen/qe_touch_sample.c:114, qe_touch_main) [Slider] Released Pos=35 ms=691763

[Time=691763] (../qe_gen/qe_touch_sample.c:126, qe_touch_main) [Slider] NoTouch cnt=1 ms=691763

[Time=691783] (../qe_gen/qe_touch_sample.c:90, qe_touch_main) [Slider] Pos=43 Temp=22.0 ms=691783

[Time=691803] (../qe_gen/qe_touch_sample.c:90, qe_touch_main) [Slider] Pos=46 Temp=22.5 ms=691803

[Time=691805] (../qe_gen/qe_touch_sample.c:100, qe_touch_main) [Slider] Delta: Pos=3 Step=1.0 ms=20

[Time=691823] (../qe_gen/qe_touch_sample.c:90, qe_touch_main) [Slider] Pos=47 Temp=23.0 ms=691823

[Time=691824] (../qe_gen/qe_touch_sample.c:100, qe_touch_main) [Slider] Delta: Pos=1 Step=1.0 ms=20

[Time=691843] (../qe_gen/qe_touch_sample.c:90, qe_touch_main) [Slider] Pos=48 Temp=23.0 ms=691843

[Time=691844] (../qe_gen/qe_touch_sample.c:100, qe_touch_main) [Slider] Delta: Pos=1 Step=0.0 ms=20

[Time=691863] (../qe_gen/qe_touch_sample.c:90, qe_touch_main) [Slider] Pos=49 Temp=23.0 ms=691863

[Time=691864] (../qe_gen/qe_touch_sample.c:100, qe_touch_main) [Slider] Delta: Pos=1 Step=0.0 ms=20

[Time=691883] (../qe_gen/qe_touch_sample.c:90, qe_touch_main) [Slider] Pos=49 Temp=23.0 ms=691883

[Time=691903] (../qe_gen/qe_touch_sample.c:90, qe_touch_main) [Slider] Pos=50 Temp=23.5 ms=691903

[Time=691905] (../qe_gen/qe_touch_sample.c:100, qe_touch_main) [Slider] Delta: Pos=1 Step=1.0 ms=20

[Time=691923] (../qe_gen/qe_touch_sample.c:90, qe_touch_main) [Slider] Pos=50 Temp=23.5 ms=691923

[Time=691943] (../qe_gen/qe_touch_sample.c:90, qe_touch_main) [Slider] Pos=50 Temp=23.5 ms=691943

[Time=691963] (../qe_gen/qe_touch_sample.c:90, qe_touch_main) [Slider] Pos=51 Temp=23.5 ms=691963

[Time=691965] (../qe_gen/qe_touch_sample.c:100, qe_touch_main) [Slider] Delta: Pos=1 Step=0.0 ms=20

[Time=691983] (../qe_gen/qe_touch_sample.c:90, qe_touch_main) [Slider] Pos=52 Temp=23.5 ms=691983

[Time=691984] (../qe_gen/qe_touch_sample.c:100, qe_touch_main) [Slider] Delta: Pos=1 Step=0.0 ms=20

[Time=692003] (../qe_gen/qe_touch_sample.c:90, qe_touch_main) [Slider] Pos=53 Temp=23.5 ms=692003

[Time=692004] (../qe_gen/qe_touch_sample.c:100, qe_touch_main) [Slider] Delta: Pos=1 Step=0.0 ms=20

[Time=692023] (../qe_gen/qe_touch_sample.c:90, qe_touch_main) [Slider] Pos=54 Temp=24.0 ms=692023

[Time=692024] (../qe_gen/qe_touch_sample.c:100, qe_touch_main) [Slider] Delta: Pos=1 Step=1.0 ms=20

[Time=692043] (../qe_gen/qe_touch_sample.c:90, qe_touch_main) [Slider] Pos=56 Temp=24.0 ms=692043

[Time=692044] (../qe_gen/qe_touch_sample.c:100, qe_touch_main) [Slider] Delta: Pos=2 Step=0.0 ms=20

[Time=692063] (../qe_gen/qe_touch_sample.c:114, qe_touch_main) [Slider] Released Pos=56 ms=692063

[Time=692063] (../qe_gen/qe_touch_sample.c:126, qe_touch_main) [Slider] NoTouch cnt=1 ms=692063

[Time=692083] (../qe_gen/qe_touch_sample.c:90, qe_touch_main) [Slider] Pos=65 Temp=25.5 ms=692083

[Time=692103] (../qe_gen/qe_touch_sample.c:90, qe_touch_main) [Slider] Pos=66 Temp=25.5 ms=692103

[Time=692105] (../qe_gen/qe_touch_sample.c:100, qe_touch_main) [Slider] Delta: Pos=1 Step=0.0 ms=20

[Time=692123] (../qe_gen/qe_touch_sample.c:90, qe_touch_main) [Slider] Pos=67 Temp=26.0 ms=692123

[Time=692124] (../qe_gen/qe_touch_sample.c:100, qe_touch_main) [Slider] Delta: Pos=1 Step=1.0 ms=20

[Time=692143] (../qe_gen/qe_touch_sample.c:90, qe_touch_main) [Slider] Pos=68 Temp=26.0 ms=692143

[Time=692144] (../qe_gen/qe_touch_sample.c:100, qe_touch_main) [Slider] Delta: Pos=1 Step=0.0 ms=20

[Time=692163] (../qe_gen/qe_touch_sample.c:90, qe_touch_main) [Slider] Pos=69 Temp=26.0 ms=692163

[Time=692164] (../qe_gen/qe_touch_sample.c:100, qe_touch_main) [Slider] Delta: Pos=1 Step=0.0 ms=20

[Time=692183] (../qe_gen/qe_touch_sample.c:90, qe_touch_main) [Slider] Pos=69 Temp=26.0 ms=692183

[Time=692203] (../qe_gen/qe_touch_sample.c:90, qe_touch_main) [Slider] Pos=70 Temp=26.5 ms=692203

[Time=692205] (../qe_gen/qe_touch_sample.c:100, qe_touch_main) [Slider] Delta: Pos=1 Step=1.0 ms=20

[Time=692223] (../qe_gen/qe_touch_sample.c:90, qe_touch_main) [Slider] Pos=70 Temp=26.5 ms=692223

[Time=692243] (../qe_gen/qe_touch_sample.c:90, qe_touch_main) [Slider] Pos=71 Temp=26.5 ms=692243

[Time=692245] (../qe_gen/qe_touch_sample.c:100, qe_touch_main) [Slider] Delta: Pos=1 Step=0.0 ms=20

[Time=692263] (../qe_gen/qe_touch_sample.c:90, qe_touch_main) [Slider] Pos=72 Temp=26.5 ms=692263

[Time=692264] (../qe_gen/qe_touch_sample.c:100, qe_touch_main) [Slider] Delta: Pos=1 Step=0.0 ms=20

[Time=692283] (../qe_gen/qe_touch_sample.c:90, qe_touch_main) [Slider] Pos=73 Temp=26.5 ms=692283

[Time=692284] (../qe_gen/qe_touch_sample.c:100, qe_touch_main) [Slider] Delta: Pos=1 Step=0.0 ms=20

[Time=692303] (../qe_gen/qe_touch_sample.c:90, qe_touch_main) [Slider] Pos=75 Temp=27.0 ms=692303

[Time=692304] (../qe_gen/qe_touch_sample.c:100, qe_touch_main) [Slider] Delta: Pos=2 Step=1.0 ms=20

[Time=692323] (../qe_gen/qe_touch_sample.c:90, qe_touch_main) [Slider] Pos=78 Temp=27.5 ms=692323

[Time=692324] (../qe_gen/qe_touch_sample.c:100, qe_touch_main) [Slider] Delta: Pos=3 Step=1.0 ms=20

[Time=692343] (../qe_gen/qe_touch_sample.c:90, qe_touch_main) [Slider] Pos=85 Temp=28.5 ms=692343

[Time=692344] (../qe_gen/qe_touch_sample.c:100, qe_touch_main) [Slider] Delta: Pos=7 Step=2.0 ms=20

[Time=692363] (../qe_gen/qe_touch_sample.c:90, qe_touch_main) [Slider] Pos=90 Temp=29.5 ms=692363

[Time=692364] (../qe_gen/qe_touch_sample.c:100, qe_touch_main) [Slider] Delta: Pos=5 Step=2.0 ms=20

[Time=692383] (../qe_gen/qe_touch_sample.c:90, qe_touch_main) [Slider] Pos=92 Temp=29.5 ms=692383

[Time=692384] (../qe_gen/qe_touch_sample.c:100, qe_touch_main) [Slider] Delta: Pos=2 Step=0.0 ms=20

[Time=692403] (../qe_gen/qe_touch_sample.c:90, qe_touch_main) [Slider] Pos=94 Temp=30.0 ms=692403

[Time=692404] (../qe_gen/qe_touch_sample.c:100, qe_touch_main) [Slider] Delta: Pos=2 Step=1.0 ms=20

[Time=692423] (../qe_gen/qe_touch_sample.c:90, qe_touch_main) [Slider] Pos=96 Temp=30.0 ms=692423

[Time=692424] (../qe_gen/qe_touch_sample.c:100, qe_touch_main) [Slider] Delta: Pos=2 Step=0.0 ms=20

[Time=692443] (../qe_gen/qe_touch_sample.c:90, qe_touch_main) [Slider] Pos=96 Temp=30.0 ms=692443

[Time=692463] (../qe_gen/qe_touch_sample.c:90, qe_touch_main) [Slider] Pos=98 Temp=30.5 ms=692463

[Time=692465] (../qe_gen/qe_touch_sample.c:100, qe_touch_main) [Slider] Delta: Pos=2 Step=1.0 ms=20

[Time=692483] (../qe_gen/qe_touch_sample.c:90, qe_touch_main) [Slider] Pos=98 Temp=30.5 ms=692483

[Time=692503] (../qe_gen/qe_touch_sample.c:90, qe_touch_main) [Slider] Pos=98 Temp=30.5 ms=692503

[Time=692523] (../qe_gen/qe_touch_sample.c:90, qe_touch_main) [Slider] Pos=98 Temp=30.5 ms=692523

[Time=692543] (../qe_gen/qe_touch_sample.c:90, qe_touch_main) [Slider] Pos=98 Temp=30.5 ms=692543

[Time=692563] (../qe_gen/qe_touch_sample.c:90, qe_touch_main) [Slider] Pos=98 Temp=30.5 ms=692563

[Time=692583] (../qe_gen/qe_touch_sample.c:90, qe_touch_main) [Slider] Pos=99 Temp=30.5 ms=692583

[Time=692585] (../qe_gen/qe_touch_sample.c:100, qe_touch_main) [Slider] Delta: Pos=1 Step=0.0 ms=20

[Time=692603] (../qe_gen/qe_touch_sample.c:90, qe_touch_main) [Slider] Pos=99 Temp=30.5 ms=692603

[Time=692623] (../qe_gen/qe_touch_sample.c:90, qe_touch_main) [Slider] Pos=99 Temp=30.5 ms=692623

[Time=692643] (../qe_gen/qe_touch_sample.c:90, qe_touch_main) [Slider] Pos=99 Temp=30.5 ms=692643

[Time=692663] (../qe_gen/qe_touch_sample.c:90, qe_touch_main) [Slider] Pos=99 Temp=30.5 ms=692663

[Time=692683] (../qe_gen/qe_touch_sample.c:90, qe_touch_main) [Slider] Pos=99 Temp=30.5 ms=692683

[Time=692703] (../qe_gen/qe_touch_sample.c:90, qe_touch_main) [Slider] Pos=99 Temp=30.5 ms=692703

[Time=692723] (../qe_gen/qe_touch_sample.c:90, qe_touch_main) [Slider] Pos=99 Temp=30.5 ms=692723

[Time=692743] (../qe_gen/qe_touch_sample.c:90, qe_touch_main) [Slider] Pos=99 Temp=30.5 ms=692743

[Time=692763] (../qe_gen/qe_touch_sample.c:90, qe_touch_main) [Slider] Pos=99 Temp=30.5 ms=692763

[Time=692783] (../qe_gen/qe_touch_sample.c:90, qe_touch_main) [Slider] Pos=99 Temp=30.5 ms=692783

[Time=692803] (../qe_gen/qe_touch_sample.c:90, qe_touch_main) [Slider] Pos=99 Temp=30.5 ms=692803

[Time=692823] (../qe_gen/qe_touch_sample.c:90, qe_touch_main) [Slider] Pos=100 Temp=31.0 ms=692823

[Time=692824] (../qe_gen/qe_touch_sample.c:100, qe_touch_main) [Slider] Delta: Pos=1 Step=1.0 ms=20

[Time=692843] (../qe_gen/qe_touch_sample.c:90, qe_touch_main) [Slider] Pos=99 Temp=30.5 ms=692843

[Time=692845] (../qe_gen/qe_touch_sample.c:100, qe_touch_main) [Slider] Delta: Pos=-1 Step=-1.0 ms=20

[Time=692863] (../qe_gen/qe_touch_sample.c:90, qe_touch_main) [Slider] Pos=99 Temp=30.5 ms=692863

[Time=692883] (../qe_gen/qe_touch_sample.c:90, qe_touch_main) [Slider] Pos=99 Temp=30.5 ms=692883

[Time=692903] (../qe_gen/qe_touch_sample.c:114, qe_touch_main) [Slider] Released Pos=99 ms=692903

[Time=692903] (../qe_gen/qe_touch_sample.c:126, qe_touch_main) [Slider] NoTouch cnt=1 ms=692903

[Time=693083] (../qe_gen/qe_touch_sample.c:134, qe_touch_main) [Slider] Paused ms=693083

[Time=693803] (../qe_gen/qe_touch_sample.c:90, qe_touch_main) [Slider] Pos=99 Temp=30.5 ms=693803

[Time=693823] (../qe_gen/qe_touch_sample.c:90, qe_touch_main) [Slider] Pos=99 Temp=30.5 ms=693823

[Time=693843] (../qe_gen/qe_touch_sample.c:90, qe_touch_main) [Slider] Pos=99 Temp=30.5 ms=693843

[Time=693863] (../qe_gen/qe_touch_sample.c:90, qe_touch_main) [Slider] Pos=100 Temp=31.0 ms=693863

[Time=693864] (../qe_gen/qe_touch_sample.c:100, qe_touch_main) [Slider] Delta: Pos=1 Step=1.0 ms=20

[Time=693883] (../qe_gen/qe_touch_sample.c:90, qe_touch_main) [Slider] Pos=99 Temp=30.5 ms=693883

[Time=693885] (../qe_gen/qe_touch_sample.c:100, qe_touch_main) [Slider] Delta: Pos=-1 Step=-1.0 ms=20

[Time=693903] (../qe_gen/qe_touch_sample.c:90, qe_touch_main) [Slider] Pos=99 Temp=30.5 ms=693903

[Time=693923] (../qe_gen/qe_touch_sample.c:90, qe_touch_main) [Slider] Pos=99 Temp=30.5 ms=693923

[Time=693943] (../qe_gen/qe_touch_sample.c:90, qe_touch_main) [Slider] Pos=99 Temp=30.5 ms=693943

[Time=693963] (../qe_gen/qe_touch_sample.c:90, qe_touch_main) [Slider] Pos=99 Temp=30.5 ms=693963

[Time=693983] (../qe_gen/qe_touch_sample.c:90, qe_touch_main) [Slider] Pos=98 Temp=30.5 ms=693983

[Time=693985] (../qe_gen/qe_touch_sample.c:100, qe_touch_main) [Slider] Delta: Pos=-1 Step=0.0 ms=20

[Time=694003] (../qe_gen/qe_touch_sample.c:90, qe_touch_main) [Slider] Pos=97 Temp=30.5 ms=694003

[Time=694004] (../qe_gen/qe_touch_sample.c:100, qe_touch_main) [Slider] Delta: Pos=-1 Step=0.0 ms=20

[Time=694023] (../qe_gen/qe_touch_sample.c:90, qe_touch_main) [Slider] Pos=96 Temp=30.0 ms=694023

[Time=694024] (../qe_gen/qe_touch_sample.c:100, qe_touch_main) [Slider] Delta: Pos=-1 Step=-1.0 ms=20

[Time=694043] (../qe_gen/qe_touch_sample.c:90, qe_touch_main) [Slider] Pos=93 Temp=29.5 ms=694043

[Time=694044] (../qe_gen/qe_touch_sample.c:100, qe_touch_main) [Slider] Delta: Pos=-3 Step=-1.0 ms=20

[Time=694063] (../qe_gen/qe_touch_sample.c:90, qe_touch_main) [Slider] Pos=86 Temp=28.5 ms=694063

[Time=694064] (../qe_gen/qe_touch_sample.c:100, qe_touch_main) [Slider] Delta: Pos=-7 Step=-2.0 ms=20

[Time=694083] (../qe_gen/qe_touch_sample.c:90, qe_touch_main) [Slider] Pos=77 Temp=27.5 ms=694083

[Time=694084] (../qe_gen/qe_touch_sample.c:100, qe_touch_main) [Slider] Delta: Pos=-9 Step=-2.0 ms=20

[Time=694103] (../qe_gen/qe_touch_sample.c:90, qe_touch_main) [Slider] Pos=73 Temp=26.5 ms=694103

[Time=694104] (../qe_gen/qe_touch_sample.c:100, qe_touch_main) [Slider] Delta: Pos=-4 Step=-2.0 ms=20

[Time=694123] (../qe_gen/qe_touch_sample.c:90, qe_touch_main) [Slider] Pos=72 Temp=26.5 ms=694123

[Time=694124] (../qe_gen/qe_touch_sample.c:100, qe_touch_main) [Slider] Delta: Pos=-1 Step=0.0 ms=20

[Time=694143] (../qe_gen/qe_touch_sample.c:90, qe_touch_main) [Slider] Pos=71 Temp=26.5 ms=694143

[Time=694144] (../qe_gen/qe_touch_sample.c:100, qe_touch_main) [Slider] Delta: Pos=-1 Step=0.0 ms=20

[Time=694163] (../qe_gen/qe_touch_sample.c:90, qe_touch_main) [Slider] Pos=69 Temp=26.0 ms=694163

[Time=694164] (../qe_gen/qe_touch_sample.c:100, qe_touch_main) [Slider] Delta: Pos=-2 Step=-1.0 ms=20

[Time=694183] (../qe_gen/qe_touch_sample.c:90, qe_touch_main) [Slider] Pos=68 Temp=26.0 ms=694183

[Time=694184] (../qe_gen/qe_touch_sample.c:100, qe_touch_main) [Slider] Delta: Pos=-1 Step=0.0 ms=20

[Time=694203] (../qe_gen/qe_touch_sample.c:90, qe_touch_main) [Slider] Pos=65 Temp=25.5 ms=694203

[Time=694204] (../qe_gen/qe_touch_sample.c:100, qe_touch_main) [Slider] Delta: Pos=-3 Step=-1.0 ms=20

[Time=694223] (../qe_gen/qe_touch_sample.c:90, qe_touch_main) [Slider] Pos=59 Temp=24.5 ms=694223

[Time=694224] (../qe_gen/qe_touch_sample.c:100, qe_touch_main) [Slider] Delta: Pos=-6 Step=-2.0 ms=20

[Time=694243] (../qe_gen/qe_touch_sample.c:90, qe_touch_main) [Slider] Pos=54 Temp=24.0 ms=694243

[Time=694244] (../qe_gen/qe_touch_sample.c:100, qe_touch_main) [Slider] Delta: Pos=-5 Step=-1.0 ms=20

[Time=694263] (../qe_gen/qe_touch_sample.c:90, qe_touch_main) [Slider] Pos=53 Temp=23.5 ms=694263

[Time=694265] (../qe_gen/qe_touch_sample.c:100, qe_touch_main) [Slider] Delta: Pos=-1 Step=-1.0 ms=20

[Time=694283] (../qe_gen/qe_touch_sample.c:90, qe_touch_main) [Slider] Pos=52 Temp=23.5 ms=694283

[Time=694285] (../qe_gen/qe_touch_sample.c:100, qe_touch_main) [Slider] Delta: Pos=-1 Step=0.0 ms=20

[Time=694303] (../qe_gen/qe_touch_sample.c:90, qe_touch_main) [Slider] Pos=51 Temp=23.5 ms=694303

[Time=694304] (../qe_gen/qe_touch_sample.c:100, qe_touch_main) [Slider] Delta: Pos=-1 Step=0.0 ms=20

[Time=694323] (../qe_gen/qe_touch_sample.c:90, qe_touch_main) [Slider] Pos=50 Temp=23.5 ms=694323

[Time=694324] (../qe_gen/qe_touch_sample.c:100, qe_touch_main) [Slider] Delta: Pos=-1 Step=0.0 ms=20

[Time=694343] (../qe_gen/qe_touch_sample.c:90, qe_touch_main) [Slider] Pos=48 Temp=23.0 ms=694343

[Time=694344] (../qe_gen/qe_touch_sample.c:100, qe_touch_main) [Slider] Delta: Pos=-2 Step=-1.0 ms=20

[Time=694363] (../qe_gen/qe_touch_sample.c:90, qe_touch_main) [Slider] Pos=46 Temp=22.5 ms=694363

[Time=694364] (../qe_gen/qe_touch_sample.c:100, qe_touch_main) [Slider] Delta: Pos=-2 Step=-1.0 ms=20

[Time=694383] (../qe_gen/qe_touch_sample.c:114, qe_touch_main) [Slider] Released Pos=46 ms=694383

[Time=694383] (../qe_gen/qe_touch_sample.c:126, qe_touch_main) [Slider] NoTouch cnt=1 ms=694383

[Time=694403] (../qe_gen/qe_touch_sample.c:90, qe_touch_main) [Slider] Pos=35 Temp=21.0 ms=694403

[Time=694423] (../qe_gen/qe_touch_sample.c:90, qe_touch_main) [Slider] Pos=33 Temp=20.5 ms=694423

[Time=694424] (../qe_gen/qe_touch_sample.c:100, qe_touch_main) [Slider] Delta: Pos=-2 Step=-1.0 ms=20

[Time=694443] (../qe_gen/qe_touch_sample.c:90, qe_touch_main) [Slider] Pos=31 Temp=20.5 ms=694443

[Time=694444] (../qe_gen/qe_touch_sample.c:100, qe_touch_main) [Slider] Delta: Pos=-2 Step=0.0 ms=20

[Time=694463] (../qe_gen/qe_touch_sample.c:90, qe_touch_main) [Slider] Pos=30 Temp=20.5 ms=694463

[Time=694464] (../qe_gen/qe_touch_sample.c:100, qe_touch_main) [Slider] Delta: Pos=-1 Step=0.0 ms=20

[Time=694483] (../qe_gen/qe_touch_sample.c:90, qe_touch_main) [Slider] Pos=29 Temp=20.0 ms=694483

[Time=694484] (../qe_gen/qe_touch_sample.c:100, qe_touch_main) [Slider] Delta: Pos=-1 Step=-1.0 ms=20

[Time=694503] (../qe_gen/qe_touch_sample.c:90, qe_touch_main) [Slider] Pos=28 Temp=20.0 ms=694503

[Time=694504] (../qe_gen/qe_touch_sample.c:100, qe_touch_main) [Slider] Delta: Pos=-1 Step=0.0 ms=20

[Time=694523] (../qe_gen/qe_touch_sample.c:90, qe_touch_main) [Slider] Pos=25 Temp=19.5 ms=694523

[Time=694524] (../qe_gen/qe_touch_sample.c:100, qe_touch_main) [Slider] Delta: Pos=-3 Step=-1.0 ms=20

[Time=694543] (../qe_gen/qe_touch_sample.c:114, qe_touch_main) [Slider] Released Pos=25 ms=694543

[Time=694543] (../qe_gen/qe_touch_sample.c:126, qe_touch_main) [Slider] NoTouch cnt=1 ms=694543

[Time=694563] (../qe_gen/qe_touch_sample.c:90, qe_touch_main) [Slider] Pos=8 Temp=17.0 ms=694563

[Time=694583] (../qe_gen/qe_touch_sample.c:90, qe_touch_main) [Slider] Pos=4 Temp=16.5 ms=694583

[Time=694585] (../qe_gen/qe_touch_sample.c:100, qe_touch_main) [Slider] Delta: Pos=-4 Step=-1.0 ms=20

[Time=694603] (../qe_gen/qe_touch_sample.c:90, qe_touch_main) [Slider] Pos=2 Temp=16.0 ms=694603

[Time=694604] (../qe_gen/qe_touch_sample.c:100, qe_touch_main) [Slider] Delta: Pos=-2 Step=-1.0 ms=20

[Time=694623] (../qe_gen/qe_touch_sample.c:90, qe_touch_main) [Slider] Pos=1 Temp=16.0 ms=694623

[Time=694624] (../qe_gen/qe_touch_sample.c:100, qe_touch_main) [Slider] Delta: Pos=-1 Step=0.0 ms=20

[Time=694643] (../qe_gen/qe_touch_sample.c:90, qe_touch_main) [Slider] Pos=0 Temp=16.0 ms=694643

[Time=694644] (../qe_gen/qe_touch_sample.c:100, qe_touch_main) [Slider] Delta: Pos=-1 Step=0.0 ms=20

[Time=694663] (../qe_gen/qe_touch_sample.c:90, qe_touch_main) [Slider] Pos=0 Temp=16.0 ms=694663

[Time=694683] (../qe_gen/qe_touch_sample.c:90, qe_touch_main) [Slider] Pos=1 Temp=16.0 ms=694683

[Time=694684] (../qe_gen/qe_touch_sample.c:100, qe_touch_main) [Slider] Delta: Pos=1 Step=0.0 ms=20

[Time=694703] (../qe_gen/qe_touch_sample.c:90, qe_touch_main) [Slider] Pos=1 Temp=16.0 ms=694703

[Time=694723] (../qe_gen/qe_touch_sample.c:90, qe_touch_main) [Slider] Pos=1 Temp=16.0 ms=694723

[Time=694743] (../qe_gen/qe_touch_sample.c:90, qe_touch_main) [Slider] Pos=1 Temp=16.0 ms=694743

[Time=694763] (../qe_gen/qe_touch_sample.c:90, qe_touch_main) [Slider] Pos=1 Temp=16.0 ms=694763

[Time=694783] (../qe_gen/qe_touch_sample.c:90, qe_touch_main) [Slider] Pos=1 Temp=16.0 ms=694783

[Time=694803] (../qe_gen/qe_touch_sample.c:90, qe_touch_main) [Slider] Pos=1 Temp=16.0 ms=694803

[Time=694823] (../qe_gen/qe_touch_sample.c:90, qe_touch_main) [Slider] Pos=1 Temp=16.0 ms=694823

[Time=694843] (../qe_gen/qe_touch_sample.c:90, qe_touch_main) [Slider] Pos=1 Temp=16.0 ms=694843

[Time=694863] (../qe_gen/qe_touch_sample.c:114, qe_touch_main) [Slider] Released Pos=1 ms=694863

[Time=694863] (../qe_gen/qe_touch_sample.c:126, qe_touch_main) [Slider] NoTouch cnt=1 ms=694863

[Time=695043] (../qe_gen/qe_touch_sample.c:134, qe_touch_main) [Slider] Paused ms=695043

