***** 2025/04/12 14:09:30 *****
QE Version                                        :4.1.0.v20250123-0520
Project Path                                      :C:\e2workspace_202307_01\RL78_202504\G23_RSSK_0412
Configuration File                                :G23_RSSK_0412
<< METHOD 0 >>
[Slider 0]
TS                                                : TS15, TS14, TS13, TS12, TS01,

<<<< Tuning Type : Advance_SelectManually >>>>
System Clock Frequency (MHz)                      :32.000
PCLKB Frequency (MHz)                             :32.000
CTSU Operating Frequency (MHz)                    :32.000
Operating Voltage (V)                             :5.000

---------- Phase1 ----------
<< METHOD 0 >>
[TS01]
Measurement Value                                 : 3251
Resistance Value (ohm)                            : 560
Parasitic Capacitance (pF)                        : 22.57639
Sensor Drive Pulse Frequency (MHz)                : 2.0

[TS12]
Measurement Value                                 : 3019
Resistance Value (ohm)                            : 560
Parasitic Capacitance (pF)                        : 20.965279
Sensor Drive Pulse Frequency (MHz)                : 2.0

[TS13]
Measurement Value                                 : 2987
Resistance Value (ohm)                            : 560
Parasitic Capacitance (pF)                        : 20.743055
Sensor Drive Pulse Frequency (MHz)                : 2.0

[TS14]
Measurement Value                                 : 2840
Resistance Value (ohm)                            : 560
Parasitic Capacitance (pF)                        : 19.722221
Sensor Drive Pulse Frequency (MHz)                : 2.0

[TS15]
Measurement Value                                 : 2654
Resistance Value (ohm)                            : 560
Parasitic Capacitance (pF)                        : 18.430555
Sensor Drive Pulse Frequency (MHz)                : 2.0


---------- Phase2 ----------
<< METHOD 0 >>
[TS01]
Sensor Drive Pulse Frequency (MHz)                : 2.0
CTSUSNUM                                          : 15
CTSUSDPA                                          : 5
CTSUSO                                            : 301

[TS12]
Sensor Drive Pulse Frequency (MHz)                : 2.0
CTSUSNUM                                          : 15
CTSUSDPA                                          : 5
CTSUSO                                            : 275

[TS13]
Sensor Drive Pulse Frequency (MHz)                : 2.0
CTSUSNUM                                          : 15
CTSUSDPA                                          : 5
CTSUSO                                            : 271

[TS14]
Sensor Drive Pulse Frequency (MHz)                : 2.0
CTSUSNUM                                          : 15
CTSUSDPA                                          : 5
CTSUSO                                            : 249

[TS15]
Sensor Drive Pulse Frequency (MHz)                : 2.0
CTSUSNUM                                          : 15
CTSUSDPA                                          : 5
CTSUSO                                            : 228


---------- Phase3 ----------
<< METHOD 0 >>
[Slider 0]
Measurement Value (Off Min)                       : 23044
Measurement Value (Off Max)                       : 23219
Measurement Value (On Min)                        : 22925
Measurement Value (On Max)                        : 26410
Threshold                                         : 1742
  << TS15 >>
  Measurement Value (Off)                         : 23143
  Measurement Value (On Min)                      : 23042
  Measurement Value (On Max)                      : 26268
  Touch ON/OFF Difference (On)                    : 3226
  << TS14 >>
  Measurement Value (Off)                         : 23219
  Measurement Value (On Min)                      : 23100
  Measurement Value (On Max)                      : 25995
  Touch ON/OFF Difference (On)                    : 2895
  << TS13 >>
  Measurement Value (Off)                         : 23095
  Measurement Value (On Min)                      : 22985
  Measurement Value (On Max)                      : 25934
  Touch ON/OFF Difference (On)                    : 2949
  << TS12 >>
  Measurement Value (Off)                         : 23044
  Measurement Value (On Min)                      : 22925
  Measurement Value (On Max)                      : 25860
  Touch ON/OFF Difference (On)                    : 2935
  << TS01 >>
  Measurement Value (Off)                         : 23127
  Measurement Value (On Min)                      : 23024
  Measurement Value (On Max)                      : 26410
  Touch ON/OFF Difference (On)                    : 3386

